[SESSION LOG] feat/auth-foundation/UPR-001
Timestamp: 2025-10-26T00:00:00Z

STATUS: Awaiting dependency installation approval

ACTIONS COMPLETED:
1. Created Prisma schema with User, Account, Session, VerificationToken models
2. Created NextAuth.js configuration in src/lib/auth.ts
3. Created Prisma client singleton in src/lib/prisma.ts
4. Created API route handler at src/app/api/auth/[...nextauth]/route.ts
5. Created TypeScript type definitions for NextAuth session
6. Added .env.example with all required environment variables
7. Updated .gitignore to exclude Prisma migrations and SQLite files

PENDING ACTIONS (require approval):
1. git checkout -b feat/auth-foundation/UPR-001
2. pnpm add next-auth@beta @auth/prisma-adapter @prisma/client bcryptjs
3. pnpm add -D prisma @types/bcryptjs
4. pnpm prisma generate
5. pnpm build (test compilation)
6. pnpm lint (verify no ESLint errors)

NOTES:
- All files created successfully
- No secrets committed (only .env.example template)
- Password hashing configured with bcrypt (12 rounds)
- Session strategy: JWT (serverless-compatible)
- Database: PostgreSQL (configurable to SQLite for dev)

NEXT STEPS:
Once dependencies are approved and installed:
1. Run: pnpm prisma generate
2. Configure .env with NEXTAUTH_SECRET and DATABASE_URL
3. Run: pnpm prisma migrate dev --name init_auth
4. Test authentication endpoint: http://localhost:3000/api/auth/signin
5. Proceed to UPR-002 (OAuth providers)
